<?xml version="1.0" encoding="UTF-8"?>
<testsuite name="gg.rsmod.game.model.container.ItemContainerTests" tests="9" skipped="0" failures="0" errors="0" timestamp="2022-11-09T00:17:17" hostname="DESKTOP-RHJ1R0L" time="0.004">
  <properties/>
  <testcase name="addOneTooManyLoose" classname="gg.rsmod.game.model.container.ItemContainerTests" time="0.002"/>
  <testcase name="createContainer" classname="gg.rsmod.game.model.container.ItemContainerTests" time="0.0"/>
  <testcase name="addOneTooManyStrict" classname="gg.rsmod.game.model.container.ItemContainerTests" time="0.001"/>
  <testcase name="addNoted" classname="gg.rsmod.game.model.container.ItemContainerTests" time="0.0"/>
  <testcase name="addOverflowAmount" classname="gg.rsmod.game.model.container.ItemContainerTests" time="0.0"/>
  <testcase name="addNotedNoStack" classname="gg.rsmod.game.model.container.ItemContainerTests" time="0.001"/>
  <testcase name="addToMiddle" classname="gg.rsmod.game.model.container.ItemContainerTests" time="0.0"/>
  <testcase name="addUnnoted" classname="gg.rsmod.game.model.container.ItemContainerTests" time="0.0"/>
  <testcase name="addToStackContainer" classname="gg.rsmod.game.model.container.ItemContainerTests" time="0.0"/>
  <system-out><![CDATA[[ ?[32mINFO ?[m] [ 00:17:17.481 ] [ PlatformDependent    ] | Your platform does not provide complete low-level API for accessing direct buffers reliably. Unless explicitly requested, heap buffer will always be preferred to avoid potential system unstability.
[ ?[32mINFO ?[m] [ 00:17:17.515 ] [ DefinitionSet        ] | Loaded 9463 animation definitions.
[ ?[32mINFO ?[m] [ 00:17:17.521 ] [ DefinitionSet        ] | Loaded 3443 varp definitions.
[ ?[32mINFO ?[m] [ 00:17:17.545 ] [ DefinitionSet        ] | Loaded 13972 varbit definitions.
[ ?[32mINFO ?[m] [ 00:17:17.600 ] [ DefinitionSet        ] | Loaded 4382 enum definitions.
[ ?[32mINFO ?[m] [ 00:17:17.652 ] [ DefinitionSet        ] | Loaded 4360 struct definitions.
[ ?[32mINFO ?[m] [ 00:17:17.736 ] [ DefinitionSet        ] | Loaded 11650 npc definitions.
[ ?[32mINFO ?[m] [ 00:17:17.845 ] [ DefinitionSet        ] | Loaded 27035 item definitions.
[ ?[32mINFO ?[m] [ 00:17:17.998 ] [ DefinitionSet        ] | Loaded 44780 object definitions.
]]></system-out>
  <system-err><![CDATA[SLF4J: Class path contains multiple SLF4J bindings.
SLF4J: Found binding in [jar:file:/C:/Users/Brandon/.gradle/caches/modules-2/files-2.1/org.apache.logging.log4j/log4j-slf4j-impl/2.11.2/4d44e4edc4a7fb39f09b95b09f560a15976fa1ba/log4j-slf4j-impl-2.11.2.jar!/org/slf4j/impl/StaticLoggerBinder.class]
SLF4J: Found binding in [jar:file:/C:/Users/Brandon/.gradle/caches/modules-2/files-2.1/org.slf4j/slf4j-simple/1.7.12/42db62298b899818ff17352cbc00050e940bbfb0/slf4j-simple-1.7.12.jar!/org/slf4j/impl/StaticLoggerBinder.class]
SLF4J: See http://www.slf4j.org/codes.html#multiple_bindings for an explanation.
SLF4J: Actual binding is of type [org.apache.logging.slf4j.Log4jLoggerFactory]
]]></system-err>
</testsuite>
