<?xml version="1.0" encoding="UTF-8"?>
<testsuite name="gg.rsmod.game.model.entity.NpcStatsTests" tests="3" skipped="0" failures="0" errors="0" timestamp="2022-11-09T00:17:18" hostname="DESKTOP-RHJ1R0L" time="0.001">
  <properties/>
  <testcase name="alter levels (capped)" classname="gg.rsmod.game.model.entity.NpcStatsTests" time="0.001"/>
  <testcase name="alter levels (uncapped)" classname="gg.rsmod.game.model.entity.NpcStatsTests" time="0.0"/>
  <testcase name="alter level illegally with different cap signum" classname="gg.rsmod.game.model.entity.NpcStatsTests" time="0.0"/>
  <system-out><![CDATA[]]></system-out>
  <system-err><![CDATA[]]></system-err>
</testsuite>
